[debug] [2021-02-23T13:00:57.646Z] ----------------------------------------------------------------------
[debug] [2021-02-23T13:00:57.648Z] Command:       C:\Program Files\nodejs\node.exe C:\Users\91968\AppData\Roaming\npm\node_modules\firebase-tools\lib\bin\firebase.js emulators:start
[debug] [2021-02-23T13:00:57.648Z] CLI Version:   9.4.0
[debug] [2021-02-23T13:00:57.648Z] Platform:      win32
[debug] [2021-02-23T13:00:57.648Z] Node Version:  v15.8.0
[debug] [2021-02-23T13:00:57.649Z] Time:          Tue Feb 23 2021 18:30:57 GMT+0530 (India Standard Time)
[debug] [2021-02-23T13:00:57.649Z] ----------------------------------------------------------------------
[debug] [2021-02-23T13:00:57.649Z] 
[debug] [2021-02-23T13:00:57.655Z] > command requires scopes: ["email","openid","https://www.googleapis.com/auth/cloudplatformprojects.readonly","https://www.googleapis.com/auth/firebase","https://www.googleapis.com/auth/cloud-platform"]
[debug] [2021-02-23T13:00:57.655Z] > authorizing via signed-in user
[info] i  emulators: Starting emulators: functions, hosting {"metadata":{"emulator":{"name":"hub"},"message":"Starting emulators: functions, hosting"}}
[debug] [2021-02-23T13:00:57.675Z] [hub] writing locator at C:\Users\91968\AppData\Local\Temp\hub-clone-2b386.json
[warn] !  functions: The following emulators are not running, calls to these services from the Functions emulator will affect production: auth, firestore, database, pubsub {"metadata":{"emulator":{"name":"functions"},"message":"The following emulators are not running, calls to these services from the Functions emulator will affect production: \u001b[1mauth, firestore, database, pubsub\u001b[22m"}}
[warn] !  Your requested "node" version "12" doesn't match your global version "15" {"metadata":{"emulator":{"name":"functions"},"message":"Your requested \"node\" version \"12\" doesn't match your global version \"15\""}}
[debug] [2021-02-23T13:00:57.708Z] defaultcredentials: writing to file C:\Users\91968\AppData\Roaming\firebase\karthikm7611_gmail_com_application_default_credentials.json
[debug] [2021-02-23T13:00:57.710Z] Setting GAC to C:\Users\91968\AppData\Roaming\firebase\karthikm7611_gmail_com_application_default_credentials.json {"metadata":{"emulator":{"name":"functions"},"message":"Setting GAC to C:\\Users\\91968\\AppData\\Roaming\\firebase\\karthikm7611_gmail_com_application_default_credentials.json"}}
[debug] [2021-02-23T13:00:57.712Z] >>> [apiv2][query] GET https://firebase.googleapis.com/v1beta1/projects/clone-2b386/adminSdkConfig [none]
[debug] [2021-02-23T13:00:58.226Z] <<< [apiv2][status] GET https://firebase.googleapis.com/v1beta1/projects/clone-2b386/adminSdkConfig 200
[debug] [2021-02-23T13:00:58.226Z] <<< [apiv2][body] GET https://firebase.googleapis.com/v1beta1/projects/clone-2b386/adminSdkConfig {"projectId":"clone-2b386","storageBucket":"clone-2b386.appspot.com"}
[debug] [2021-02-23T13:00:58.236Z] >>> [apiv2][query] GET https://firebase.googleapis.com/v1beta1/projects/clone-2b386/webApps/-/config [none]
[debug] [2021-02-23T13:00:59.529Z] <<< [apiv2][status] GET https://firebase.googleapis.com/v1beta1/projects/clone-2b386/webApps/-/config 200
[debug] [2021-02-23T13:00:59.530Z] <<< [apiv2][body] GET https://firebase.googleapis.com/v1beta1/projects/clone-2b386/webApps/-/config {"projectId":"clone-2b386","appId":"1:501499142202:web:afdd0cf8c32dfd16d11503","storageBucket":"clone-2b386.appspot.com","apiKey":"AIzaSyDKSXpCaNzBJWhDoGQeWzKNpLKta67Jr44","authDomain":"clone-2b386.firebaseapp.com","messagingSenderId":"501499142202","measurementId":"G-8GWLSZ5KTM"}
[info] i  hosting: Serving hosting files from: build {"metadata":{"emulator":{"name":"hosting"},"message":"Serving hosting files from: \u001b[1mbuild\u001b[22m"}}
[info] +  hosting: Local server: http://localhost:5000 {"metadata":{"emulator":{"name":"hosting"},"message":"Local server: \u001b[4m\u001b[1mhttp://localhost:5000\u001b[22m\u001b[24m"}}
[warn] !  ui: Emulator UI unable to start on port 4000, starting on 4001 instead. {"metadata":{"emulator":{"name":"ui"},"message":"Emulator UI unable to start on port 4000, starting on 4001 instead."}}
[debug] [2021-02-23T13:00:59.584Z] Ignoring unsupported arg: auto_download {"metadata":{"emulator":{"name":"ui"},"message":"Ignoring unsupported arg: auto_download"}}
[debug] [2021-02-23T13:00:59.584Z] Ignoring unsupported arg: port {"metadata":{"emulator":{"name":"ui"},"message":"Ignoring unsupported arg: port"}}
[debug] [2021-02-23T13:00:59.584Z] Starting Emulator UI with command {"binary":"node","args":["C:\\Users\\91968\\.cache\\firebase\\emulators\\ui-v1.4.1\\server.bundle.js"],"optionalArgs":[],"joinArgs":false} {"metadata":{"emulator":{"name":"ui"},"message":"Starting Emulator UI with command {\"binary\":\"node\",\"args\":[\"C:\\\\Users\\\\91968\\\\.cache\\\\firebase\\\\emulators\\\\ui-v1.4.1\\\\server.bundle.js\"],\"optionalArgs\":[],\"joinArgs\":false}"}}
[info] i  ui: Emulator UI logging to ui-debug.log {"metadata":{"emulator":{"name":"ui"},"message":"Emulator UI logging to \u001b[1mui-debug.log\u001b[22m"}}
[debug] [2021-02-23T13:00:59.683Z] Web / API server started at http://localhost:4001
 {"metadata":{"emulator":{"name":"ui"},"message":"Web / API server started at http://localhost:4001\n"}}
[info] i  functions: Watching "C:\Users\91968\amazon-clone\functions" for Cloud Functions... {"metadata":{"emulator":{"name":"functions"},"message":"Watching \"C:\\Users\\91968\\amazon-clone\\functions\" for Cloud Functions..."}}
[debug] [2021-02-23T13:00:59.876Z] [worker-pool] addWorker(~diagnostic~) {"metadata":{"emulator":{"name":"functions"},"message":"[worker-pool] addWorker(~diagnostic~)"}}
[debug] [2021-02-23T13:00:59.876Z] [worker-pool] Adding worker with key ~diagnostic~, total=1 {"metadata":{"emulator":{"name":"functions"},"message":"[worker-pool] Adding worker with key ~diagnostic~, total=1"}}
[debug] [2021-02-23T13:00:59.876Z] [worker-pool] submitWork(triggerId=) {"metadata":{"emulator":{"name":"functions"},"message":"[worker-pool] submitWork(triggerId=)"}}
[debug] [2021-02-23T13:00:59.877Z] [worker-~diagnostic~-30c368b7-905b-447f-bcd6-5a2f3b66d7c5]: Assigning socketPath: \\?\pipe\C:\Users\91968\amazon-clone\functions\15356 {"metadata":{"emulator":{"name":"functions"},"message":"[worker-~diagnostic~-30c368b7-905b-447f-bcd6-5a2f3b66d7c5]: Assigning socketPath: \\\\?\\pipe\\C:\\Users\\91968\\amazon-clone\\functions\\15356"}}
[debug] [2021-02-23T13:00:59.877Z] [worker-~diagnostic~-30c368b7-905b-447f-bcd6-5a2f3b66d7c5]: BUSY {"metadata":{"emulator":{"name":"functions"},"message":"[worker-~diagnostic~-30c368b7-905b-447f-bcd6-5a2f3b66d7c5]: BUSY"}}
[debug] [2021-02-23T13:01:00.018Z] [runtime-status] [15356] Functions runtime initialized. {"cwd":"C:\\Users\\91968\\amazon-clone\\functions","node_version":"15.8.0"} {"metadata":{"emulator":{"name":"functions"},"message":"[runtime-status] [15356] Functions runtime initialized. {\"cwd\":\"C:\\\\Users\\\\91968\\\\amazon-clone\\\\functions\",\"node_version\":\"15.8.0\"}"}}
[debug] [2021-02-23T13:01:00.019Z] [runtime-status] [15356] Disabled runtime features: undefined {"metadata":{"emulator":{"name":"functions"},"message":"[runtime-status] [15356] Disabled runtime features: undefined"}}
[debug] [2021-02-23T13:01:00.021Z] [runtime-status] [15356] Resolved module firebase-admin {"declared":true,"installed":true,"version":"9.5.0","resolution":"C:\\Users\\91968\\amazon-clone\\functions\\node_modules\\firebase-admin\\lib\\index.js"} {"metadata":{"emulator":{"name":"functions"},"message":"[runtime-status] [15356] Resolved module firebase-admin {\"declared\":true,\"installed\":true,\"version\":\"9.5.0\",\"resolution\":\"C:\\\\Users\\\\91968\\\\amazon-clone\\\\functions\\\\node_modules\\\\firebase-admin\\\\lib\\\\index.js\"}"}}
[debug] [2021-02-23T13:01:00.023Z] [runtime-status] [15356] Resolved module firebase-functions {"declared":true,"installed":true,"version":"3.13.2","resolution":"C:\\Users\\91968\\amazon-clone\\functions\\node_modules\\firebase-functions\\lib\\index.js"} {"metadata":{"emulator":{"name":"functions"},"message":"[runtime-status] [15356] Resolved module firebase-functions {\"declared\":true,\"installed\":true,\"version\":\"3.13.2\",\"resolution\":\"C:\\\\Users\\\\91968\\\\amazon-clone\\\\functions\\\\node_modules\\\\firebase-functions\\\\lib\\\\index.js\"}"}}
[debug] [2021-02-23T13:01:00.024Z] [runtime-status] [15356] Resolved module firebase-functions {"declared":true,"installed":true,"version":"3.13.2","resolution":"C:\\Users\\91968\\amazon-clone\\functions\\node_modules\\firebase-functions\\lib\\index.js"} {"metadata":{"emulator":{"name":"functions"},"message":"[runtime-status] [15356] Resolved module firebase-functions {\"declared\":true,\"installed\":true,\"version\":\"3.13.2\",\"resolution\":\"C:\\\\Users\\\\91968\\\\amazon-clone\\\\functions\\\\node_modules\\\\firebase-functions\\\\lib\\\\index.js\"}"}}
[debug] [2021-02-23T13:01:00.025Z] [runtime-status] [15356] Outgoing network have been stubbed. [{"name":"http","status":"mocked"},{"name":"http","status":"mocked"},{"name":"https","status":"mocked"},{"name":"https","status":"mocked"},{"name":"net","status":"mocked"}] {"metadata":{"emulator":{"name":"functions"},"message":"[runtime-status] [15356] Outgoing network have been stubbed. [{\"name\":\"http\",\"status\":\"mocked\"},{\"name\":\"http\",\"status\":\"mocked\"},{\"name\":\"https\",\"status\":\"mocked\"},{\"name\":\"https\",\"status\":\"mocked\"},{\"name\":\"net\",\"status\":\"mocked\"}]"}}
[debug] [2021-02-23T13:01:00.026Z] [runtime-status] [15356] Resolved module firebase-functions {"declared":true,"installed":true,"version":"3.13.2","resolution":"C:\\Users\\91968\\amazon-clone\\functions\\node_modules\\firebase-functions\\lib\\index.js"} {"metadata":{"emulator":{"name":"functions"},"message":"[runtime-status] [15356] Resolved module firebase-functions {\"declared\":true,\"installed\":true,\"version\":\"3.13.2\",\"resolution\":\"C:\\\\Users\\\\91968\\\\amazon-clone\\\\functions\\\\node_modules\\\\firebase-functions\\\\lib\\\\index.js\"}"}}
[debug] [2021-02-23T13:01:00.063Z] [runtime-status] [15356] Checked functions.config() {"config":{}} {"metadata":{"emulator":{"name":"functions"},"message":"[runtime-status] [15356] Checked functions.config() {\"config\":{}}"}}
[debug] [2021-02-23T13:01:00.063Z] [runtime-status] [15356] firebase-functions has been stubbed. {"functionsResolution":{"declared":true,"installed":true,"version":"3.13.2","resolution":"C:\\Users\\91968\\amazon-clone\\functions\\node_modules\\firebase-functions\\lib\\index.js"}} {"metadata":{"emulator":{"name":"functions"},"message":"[runtime-status] [15356] firebase-functions has been stubbed. {\"functionsResolution\":{\"declared\":true,\"installed\":true,\"version\":\"3.13.2\",\"resolution\":\"C:\\\\Users\\\\91968\\\\amazon-clone\\\\functions\\\\node_modules\\\\firebase-functions\\\\lib\\\\index.js\"}}"}}
[debug] [2021-02-23T13:01:00.063Z] [runtime-status] [15356] Resolved module firebase-functions {"declared":true,"installed":true,"version":"3.13.2","resolution":"C:\\Users\\91968\\amazon-clone\\functions\\node_modules\\firebase-functions\\lib\\index.js"} {"metadata":{"emulator":{"name":"functions"},"message":"[runtime-status] [15356] Resolved module firebase-functions {\"declared\":true,\"installed\":true,\"version\":\"3.13.2\",\"resolution\":\"C:\\\\Users\\\\91968\\\\amazon-clone\\\\functions\\\\node_modules\\\\firebase-functions\\\\lib\\\\index.js\"}"}}
[debug] [2021-02-23T13:01:00.064Z] [runtime-status] [15356] Resolved module firebase-admin {"declared":true,"installed":true,"version":"9.5.0","resolution":"C:\\Users\\91968\\amazon-clone\\functions\\node_modules\\firebase-admin\\lib\\index.js"} {"metadata":{"emulator":{"name":"functions"},"message":"[runtime-status] [15356] Resolved module firebase-admin {\"declared\":true,\"installed\":true,\"version\":\"9.5.0\",\"resolution\":\"C:\\\\Users\\\\91968\\\\amazon-clone\\\\functions\\\\node_modules\\\\firebase-admin\\\\lib\\\\index.js\"}"}}
[debug] [2021-02-23T13:01:00.064Z] [runtime-status] [15356] Resolved module firebase-functions {"declared":true,"installed":true,"version":"3.13.2","resolution":"C:\\Users\\91968\\amazon-clone\\functions\\node_modules\\firebase-functions\\lib\\index.js"} {"metadata":{"emulator":{"name":"functions"},"message":"[runtime-status] [15356] Resolved module firebase-functions {\"declared\":true,\"installed\":true,\"version\":\"3.13.2\",\"resolution\":\"C:\\\\Users\\\\91968\\\\amazon-clone\\\\functions\\\\node_modules\\\\firebase-functions\\\\lib\\\\index.js\"}"}}
[debug] [2021-02-23T13:01:00.065Z] [runtime-status] [15356] firebase-admin has been stubbed. {"adminResolution":{"declared":true,"installed":true,"version":"9.5.0","resolution":"C:\\Users\\91968\\amazon-clone\\functions\\node_modules\\firebase-admin\\lib\\index.js"}} {"metadata":{"emulator":{"name":"functions"},"message":"[runtime-status] [15356] firebase-admin has been stubbed. {\"adminResolution\":{\"declared\":true,\"installed\":true,\"version\":\"9.5.0\",\"resolution\":\"C:\\\\Users\\\\91968\\\\amazon-clone\\\\functions\\\\node_modules\\\\firebase-admin\\\\lib\\\\index.js\"}}"}}
[warn] !  ReferenceError: paymentIntent is not defined
    at Object.<anonymous> (C:\Users\91968\amazon-clone\functions\index.js:18:18)
    at Module._compile (node:internal/modules/cjs/loader:1108:14)
    at Object.Module._extensions..js (node:internal/modules/cjs/loader:1137:10)
    at Module.load (node:internal/modules/cjs/loader:973:32)
    at Function.Module._load (node:internal/modules/cjs/loader:813:14)
    at Module.require (node:internal/modules/cjs/loader:997:19)
    at require (node:internal/modules/cjs/helpers:92:18)
    at initializeRuntime (C:\Users\91968\AppData\Roaming\npm\node_modules\firebase-tools\lib\emulator\functionsEmulatorRuntime.js:678:29)
    at processTicksAndRejections (node:internal/process/task_queues:94:5)
    at async handleMessage (C:\Users\91968\AppData\Roaming\npm\node_modules\firebase-tools\lib\emulator\functionsEmulatorRuntime.js:716:20) {"metadata":{"emulator":{"name":"functions"},"message":"ReferenceError: paymentIntent is not defined\n    at Object.<anonymous> (C:\\Users\\91968\\amazon-clone\\functions\\index.js:18:18)\n    at Module._compile (node:internal/modules/cjs/loader:1108:14)\n    at Object.Module._extensions..js (node:internal/modules/cjs/loader:1137:10)\n    at Module.load (node:internal/modules/cjs/loader:973:32)\n    at Function.Module._load (node:internal/modules/cjs/loader:813:14)\n    at Module.require (node:internal/modules/cjs/loader:997:19)\n    at require (node:internal/modules/cjs/helpers:92:18)\n    at initializeRuntime (C:\\Users\\91968\\AppData\\Roaming\\npm\\node_modules\\firebase-tools\\lib\\emulator\\functionsEmulatorRuntime.js:678:29)\n    at processTicksAndRejections (node:internal/process/task_queues:94:5)\n    at async handleMessage (C:\\Users\\91968\\AppData\\Roaming\\npm\\node_modules\\firebase-tools\\lib\\emulator\\functionsEmulatorRuntime.js:716:20)"}}
[warn] !  We were unable to load your functions code. (see above) {"metadata":{"emulator":{"name":"functions"}}}
[debug] [2021-02-23T13:01:00.215Z] [worker-~diagnostic~-30c368b7-905b-447f-bcd6-5a2f3b66d7c5]: exited {"metadata":{"emulator":{"name":"functions"},"message":"[worker-~diagnostic~-30c368b7-905b-447f-bcd6-5a2f3b66d7c5]: exited"}}
[debug] [2021-02-23T13:01:00.215Z] [worker-~diagnostic~-30c368b7-905b-447f-bcd6-5a2f3b66d7c5]: FINISHED {"metadata":{"emulator":{"name":"functions"},"message":"[worker-~diagnostic~-30c368b7-905b-447f-bcd6-5a2f3b66d7c5]: FINISHED"}}
[debug] [2021-02-23T13:01:33.485Z] File C:\Users\91968\amazon-clone\functions\index.js changed, reloading triggers {"metadata":{"emulator":{"name":"functions"},"message":"File C:\\Users\\91968\\amazon-clone\\functions\\index.js changed, reloading triggers"}}
[debug] [2021-02-23T13:01:34.493Z] [worker-pool] Cleaned up workers for ~diagnostic~: 1 --> 0 {"metadata":{"emulator":{"name":"functions"},"message":"[worker-pool] Cleaned up workers for ~diagnostic~: 1 --> 0"}}
[debug] [2021-02-23T13:01:34.498Z] [worker-pool] addWorker(~diagnostic~) {"metadata":{"emulator":{"name":"functions"},"message":"[worker-pool] addWorker(~diagnostic~)"}}
[debug] [2021-02-23T13:01:34.498Z] [worker-pool] Adding worker with key ~diagnostic~, total=1 {"metadata":{"emulator":{"name":"functions"},"message":"[worker-pool] Adding worker with key ~diagnostic~, total=1"}}
[debug] [2021-02-23T13:01:34.498Z] [worker-pool] submitWork(triggerId=) {"metadata":{"emulator":{"name":"functions"},"message":"[worker-pool] submitWork(triggerId=)"}}
[debug] [2021-02-23T13:01:34.499Z] [worker-~diagnostic~-8aed4a92-672b-4114-b933-0de42f95c365]: Assigning socketPath: \\?\pipe\C:\Users\91968\amazon-clone\functions\14604 {"metadata":{"emulator":{"name":"functions"},"message":"[worker-~diagnostic~-8aed4a92-672b-4114-b933-0de42f95c365]: Assigning socketPath: \\\\?\\pipe\\C:\\Users\\91968\\amazon-clone\\functions\\14604"}}
[debug] [2021-02-23T13:01:34.499Z] [worker-~diagnostic~-8aed4a92-672b-4114-b933-0de42f95c365]: BUSY {"metadata":{"emulator":{"name":"functions"},"message":"[worker-~diagnostic~-8aed4a92-672b-4114-b933-0de42f95c365]: BUSY"}}
[debug] [2021-02-23T13:01:34.643Z] [runtime-status] [14604] Functions runtime initialized. {"cwd":"C:\\Users\\91968\\amazon-clone\\functions","node_version":"15.8.0"} {"metadata":{"emulator":{"name":"functions"},"message":"[runtime-status] [14604] Functions runtime initialized. {\"cwd\":\"C:\\\\Users\\\\91968\\\\amazon-clone\\\\functions\",\"node_version\":\"15.8.0\"}"}}
[debug] [2021-02-23T13:01:34.644Z] [runtime-status] [14604] Disabled runtime features: undefined {"metadata":{"emulator":{"name":"functions"},"message":"[runtime-status] [14604] Disabled runtime features: undefined"}}
[debug] [2021-02-23T13:01:34.646Z] [runtime-status] [14604] Resolved module firebase-admin {"declared":true,"installed":true,"version":"9.5.0","resolution":"C:\\Users\\91968\\amazon-clone\\functions\\node_modules\\firebase-admin\\lib\\index.js"} {"metadata":{"emulator":{"name":"functions"},"message":"[runtime-status] [14604] Resolved module firebase-admin {\"declared\":true,\"installed\":true,\"version\":\"9.5.0\",\"resolution\":\"C:\\\\Users\\\\91968\\\\amazon-clone\\\\functions\\\\node_modules\\\\firebase-admin\\\\lib\\\\index.js\"}"}}
[debug] [2021-02-23T13:01:34.648Z] [runtime-status] [14604] Resolved module firebase-functions {"declared":true,"installed":true,"version":"3.13.2","resolution":"C:\\Users\\91968\\amazon-clone\\functions\\node_modules\\firebase-functions\\lib\\index.js"} {"metadata":{"emulator":{"name":"functions"},"message":"[runtime-status] [14604] Resolved module firebase-functions {\"declared\":true,\"installed\":true,\"version\":\"3.13.2\",\"resolution\":\"C:\\\\Users\\\\91968\\\\amazon-clone\\\\functions\\\\node_modules\\\\firebase-functions\\\\lib\\\\index.js\"}"}}
[debug] [2021-02-23T13:01:34.650Z] [runtime-status] [14604] Resolved module firebase-functions {"declared":true,"installed":true,"version":"3.13.2","resolution":"C:\\Users\\91968\\amazon-clone\\functions\\node_modules\\firebase-functions\\lib\\index.js"} {"metadata":{"emulator":{"name":"functions"},"message":"[runtime-status] [14604] Resolved module firebase-functions {\"declared\":true,\"installed\":true,\"version\":\"3.13.2\",\"resolution\":\"C:\\\\Users\\\\91968\\\\amazon-clone\\\\functions\\\\node_modules\\\\firebase-functions\\\\lib\\\\index.js\"}"}}
[debug] [2021-02-23T13:01:34.651Z] [runtime-status] [14604] Outgoing network have been stubbed. [{"name":"http","status":"mocked"},{"name":"http","status":"mocked"},{"name":"https","status":"mocked"},{"name":"https","status":"mocked"},{"name":"net","status":"mocked"}] {"metadata":{"emulator":{"name":"functions"},"message":"[runtime-status] [14604] Outgoing network have been stubbed. [{\"name\":\"http\",\"status\":\"mocked\"},{\"name\":\"http\",\"status\":\"mocked\"},{\"name\":\"https\",\"status\":\"mocked\"},{\"name\":\"https\",\"status\":\"mocked\"},{\"name\":\"net\",\"status\":\"mocked\"}]"}}
[debug] [2021-02-23T13:01:34.652Z] [runtime-status] [14604] Resolved module firebase-functions {"declared":true,"installed":true,"version":"3.13.2","resolution":"C:\\Users\\91968\\amazon-clone\\functions\\node_modules\\firebase-functions\\lib\\index.js"} {"metadata":{"emulator":{"name":"functions"},"message":"[runtime-status] [14604] Resolved module firebase-functions {\"declared\":true,\"installed\":true,\"version\":\"3.13.2\",\"resolution\":\"C:\\\\Users\\\\91968\\\\amazon-clone\\\\functions\\\\node_modules\\\\firebase-functions\\\\lib\\\\index.js\"}"}}
[debug] [2021-02-23T13:01:34.691Z] [runtime-status] [14604] Checked functions.config() {"config":{}} {"metadata":{"emulator":{"name":"functions"},"message":"[runtime-status] [14604] Checked functions.config() {\"config\":{}}"}}
[debug] [2021-02-23T13:01:34.692Z] [runtime-status] [14604] firebase-functions has been stubbed. {"functionsResolution":{"declared":true,"installed":true,"version":"3.13.2","resolution":"C:\\Users\\91968\\amazon-clone\\functions\\node_modules\\firebase-functions\\lib\\index.js"}} {"metadata":{"emulator":{"name":"functions"},"message":"[runtime-status] [14604] firebase-functions has been stubbed. {\"functionsResolution\":{\"declared\":true,\"installed\":true,\"version\":\"3.13.2\",\"resolution\":\"C:\\\\Users\\\\91968\\\\amazon-clone\\\\functions\\\\node_modules\\\\firebase-functions\\\\lib\\\\index.js\"}}"}}
[debug] [2021-02-23T13:01:34.692Z] [runtime-status] [14604] Resolved module firebase-functions {"declared":true,"installed":true,"version":"3.13.2","resolution":"C:\\Users\\91968\\amazon-clone\\functions\\node_modules\\firebase-functions\\lib\\index.js"} {"metadata":{"emulator":{"name":"functions"},"message":"[runtime-status] [14604] Resolved module firebase-functions {\"declared\":true,\"installed\":true,\"version\":\"3.13.2\",\"resolution\":\"C:\\\\Users\\\\91968\\\\amazon-clone\\\\functions\\\\node_modules\\\\firebase-functions\\\\lib\\\\index.js\"}"}}
[debug] [2021-02-23T13:01:34.693Z] [runtime-status] [14604] Resolved module firebase-admin {"declared":true,"installed":true,"version":"9.5.0","resolution":"C:\\Users\\91968\\amazon-clone\\functions\\node_modules\\firebase-admin\\lib\\index.js"} {"metadata":{"emulator":{"name":"functions"},"message":"[runtime-status] [14604] Resolved module firebase-admin {\"declared\":true,\"installed\":true,\"version\":\"9.5.0\",\"resolution\":\"C:\\\\Users\\\\91968\\\\amazon-clone\\\\functions\\\\node_modules\\\\firebase-admin\\\\lib\\\\index.js\"}"}}
[debug] [2021-02-23T13:01:34.693Z] [runtime-status] [14604] Resolved module firebase-functions {"declared":true,"installed":true,"version":"3.13.2","resolution":"C:\\Users\\91968\\amazon-clone\\functions\\node_modules\\firebase-functions\\lib\\index.js"} {"metadata":{"emulator":{"name":"functions"},"message":"[runtime-status] [14604] Resolved module firebase-functions {\"declared\":true,\"installed\":true,\"version\":\"3.13.2\",\"resolution\":\"C:\\\\Users\\\\91968\\\\amazon-clone\\\\functions\\\\node_modules\\\\firebase-functions\\\\lib\\\\index.js\"}"}}
[debug] [2021-02-23T13:01:34.694Z] [runtime-status] [14604] firebase-admin has been stubbed. {"adminResolution":{"declared":true,"installed":true,"version":"9.5.0","resolution":"C:\\Users\\91968\\amazon-clone\\functions\\node_modules\\firebase-admin\\lib\\index.js"}} {"metadata":{"emulator":{"name":"functions"},"message":"[runtime-status] [14604] firebase-admin has been stubbed. {\"adminResolution\":{\"declared\":true,\"installed\":true,\"version\":\"9.5.0\",\"resolution\":\"C:\\\\Users\\\\91968\\\\amazon-clone\\\\functions\\\\node_modules\\\\firebase-admin\\\\lib\\\\index.js\"}}"}}
[info] +  functions[api]: http function initialized (http://localhost:5001/clone-2b386/us-central1/api). {"metadata":{"emulator":{"name":"functions"},"message":"\u001b[1mhttp\u001b[22m function initialized (http://localhost:5001/clone-2b386/us-central1/api)."}}
[debug] [2021-02-23T13:01:34.824Z] [worker-~diagnostic~-8aed4a92-672b-4114-b933-0de42f95c365]: IDLE {"metadata":{"emulator":{"name":"functions"},"message":"[worker-~diagnostic~-8aed4a92-672b-4114-b933-0de42f95c365]: IDLE"}}
[debug] [2021-02-23T13:01:40.914Z] [work-queue] {"queueLength":1,"workRunningCount":0}
[debug] [2021-02-23T13:01:40.915Z] [work-queue] {"queueLength":0,"workRunningCount":1}
[debug] [2021-02-23T13:01:40.918Z] Accepted request GET /clone-2b386/us-central1/api --> api
[debug] [2021-02-23T13:01:40.932Z] [worker-pool] addWorker(api) {"metadata":{"emulator":{"name":"functions"},"message":"[worker-pool] addWorker(api)"}}
[debug] [2021-02-23T13:01:40.932Z] [worker-pool] Adding worker with key api, total=1 {"metadata":{"emulator":{"name":"functions"},"message":"[worker-pool] Adding worker with key api, total=1"}}
[debug] [2021-02-23T13:01:40.933Z] [worker-pool] submitWork(triggerId=api) {"metadata":{"emulator":{"name":"functions"},"message":"[worker-pool] submitWork(triggerId=api)"}}
[debug] [2021-02-23T13:01:40.933Z] [worker-api-8e09b1f3-cabf-474d-a229-7f308a8c39b6]: Assigning socketPath: \\?\pipe\C:\Users\91968\amazon-clone\functions\7912 {"metadata":{"emulator":{"name":"functions"},"message":"[worker-api-8e09b1f3-cabf-474d-a229-7f308a8c39b6]: Assigning socketPath: \\\\?\\pipe\\C:\\Users\\91968\\amazon-clone\\functions\\7912"}}
[debug] [2021-02-23T13:01:40.933Z] [worker-api-8e09b1f3-cabf-474d-a229-7f308a8c39b6]: BUSY {"metadata":{"emulator":{"name":"functions"},"message":"[worker-api-8e09b1f3-cabf-474d-a229-7f308a8c39b6]: BUSY"}}
[debug] [2021-02-23T13:01:41.078Z] [runtime-status] [7912] Functions runtime initialized. {"cwd":"C:\\Users\\91968\\amazon-clone\\functions","node_version":"15.8.0"} {"metadata":{"emulator":{"name":"functions"},"function":{"name":"api"},"message":"[runtime-status] [7912] Functions runtime initialized. {\"cwd\":\"C:\\\\Users\\\\91968\\\\amazon-clone\\\\functions\",\"node_version\":\"15.8.0\"}"}}
[debug] [2021-02-23T13:01:41.079Z] [runtime-status] [7912] Disabled runtime features: undefined {"metadata":{"emulator":{"name":"functions"},"function":{"name":"api"},"message":"[runtime-status] [7912] Disabled runtime features: undefined"}}
[debug] [2021-02-23T13:01:41.082Z] [runtime-status] [7912] Resolved module firebase-admin {"declared":true,"installed":true,"version":"9.5.0","resolution":"C:\\Users\\91968\\amazon-clone\\functions\\node_modules\\firebase-admin\\lib\\index.js"} {"metadata":{"emulator":{"name":"functions"},"function":{"name":"api"},"message":"[runtime-status] [7912] Resolved module firebase-admin {\"declared\":true,\"installed\":true,\"version\":\"9.5.0\",\"resolution\":\"C:\\\\Users\\\\91968\\\\amazon-clone\\\\functions\\\\node_modules\\\\firebase-admin\\\\lib\\\\index.js\"}"}}
[debug] [2021-02-23T13:01:41.084Z] [runtime-status] [7912] Resolved module firebase-functions {"declared":true,"installed":true,"version":"3.13.2","resolution":"C:\\Users\\91968\\amazon-clone\\functions\\node_modules\\firebase-functions\\lib\\index.js"} {"metadata":{"emulator":{"name":"functions"},"function":{"name":"api"},"message":"[runtime-status] [7912] Resolved module firebase-functions {\"declared\":true,\"installed\":true,\"version\":\"3.13.2\",\"resolution\":\"C:\\\\Users\\\\91968\\\\amazon-clone\\\\functions\\\\node_modules\\\\firebase-functions\\\\lib\\\\index.js\"}"}}
[debug] [2021-02-23T13:01:41.085Z] [runtime-status] [7912] Resolved module firebase-functions {"declared":true,"installed":true,"version":"3.13.2","resolution":"C:\\Users\\91968\\amazon-clone\\functions\\node_modules\\firebase-functions\\lib\\index.js"} {"metadata":{"emulator":{"name":"functions"},"function":{"name":"api"},"message":"[runtime-status] [7912] Resolved module firebase-functions {\"declared\":true,\"installed\":true,\"version\":\"3.13.2\",\"resolution\":\"C:\\\\Users\\\\91968\\\\amazon-clone\\\\functions\\\\node_modules\\\\firebase-functions\\\\lib\\\\index.js\"}"}}
[debug] [2021-02-23T13:01:41.086Z] [runtime-status] [7912] Outgoing network have been stubbed. [{"name":"http","status":"mocked"},{"name":"http","status":"mocked"},{"name":"https","status":"mocked"},{"name":"https","status":"mocked"},{"name":"net","status":"mocked"}] {"metadata":{"emulator":{"name":"functions"},"function":{"name":"api"},"message":"[runtime-status] [7912] Outgoing network have been stubbed. [{\"name\":\"http\",\"status\":\"mocked\"},{\"name\":\"http\",\"status\":\"mocked\"},{\"name\":\"https\",\"status\":\"mocked\"},{\"name\":\"https\",\"status\":\"mocked\"},{\"name\":\"net\",\"status\":\"mocked\"}]"}}
[debug] [2021-02-23T13:01:41.087Z] [runtime-status] [7912] Resolved module firebase-functions {"declared":true,"installed":true,"version":"3.13.2","resolution":"C:\\Users\\91968\\amazon-clone\\functions\\node_modules\\firebase-functions\\lib\\index.js"} {"metadata":{"emulator":{"name":"functions"},"function":{"name":"api"},"message":"[runtime-status] [7912] Resolved module firebase-functions {\"declared\":true,\"installed\":true,\"version\":\"3.13.2\",\"resolution\":\"C:\\\\Users\\\\91968\\\\amazon-clone\\\\functions\\\\node_modules\\\\firebase-functions\\\\lib\\\\index.js\"}"}}
[debug] [2021-02-23T13:01:41.124Z] [runtime-status] [7912] Checked functions.config() {"config":{}} {"metadata":{"emulator":{"name":"functions"},"function":{"name":"api"},"message":"[runtime-status] [7912] Checked functions.config() {\"config\":{}}"}}
[debug] [2021-02-23T13:01:41.124Z] [runtime-status] [7912] firebase-functions has been stubbed. {"functionsResolution":{"declared":true,"installed":true,"version":"3.13.2","resolution":"C:\\Users\\91968\\amazon-clone\\functions\\node_modules\\firebase-functions\\lib\\index.js"}} {"metadata":{"emulator":{"name":"functions"},"function":{"name":"api"},"message":"[runtime-status] [7912] firebase-functions has been stubbed. {\"functionsResolution\":{\"declared\":true,\"installed\":true,\"version\":\"3.13.2\",\"resolution\":\"C:\\\\Users\\\\91968\\\\amazon-clone\\\\functions\\\\node_modules\\\\firebase-functions\\\\lib\\\\index.js\"}}"}}
[debug] [2021-02-23T13:01:41.124Z] [runtime-status] [7912] Resolved module firebase-functions {"declared":true,"installed":true,"version":"3.13.2","resolution":"C:\\Users\\91968\\amazon-clone\\functions\\node_modules\\firebase-functions\\lib\\index.js"} {"metadata":{"emulator":{"name":"functions"},"function":{"name":"api"},"message":"[runtime-status] [7912] Resolved module firebase-functions {\"declared\":true,\"installed\":true,\"version\":\"3.13.2\",\"resolution\":\"C:\\\\Users\\\\91968\\\\amazon-clone\\\\functions\\\\node_modules\\\\firebase-functions\\\\lib\\\\index.js\"}"}}
[debug] [2021-02-23T13:01:41.125Z] [runtime-status] [7912] Resolved module firebase-admin {"declared":true,"installed":true,"version":"9.5.0","resolution":"C:\\Users\\91968\\amazon-clone\\functions\\node_modules\\firebase-admin\\lib\\index.js"} {"metadata":{"emulator":{"name":"functions"},"function":{"name":"api"},"message":"[runtime-status] [7912] Resolved module firebase-admin {\"declared\":true,\"installed\":true,\"version\":\"9.5.0\",\"resolution\":\"C:\\\\Users\\\\91968\\\\amazon-clone\\\\functions\\\\node_modules\\\\firebase-admin\\\\lib\\\\index.js\"}"}}
[debug] [2021-02-23T13:01:41.126Z] [runtime-status] [7912] Resolved module firebase-functions {"declared":true,"installed":true,"version":"3.13.2","resolution":"C:\\Users\\91968\\amazon-clone\\functions\\node_modules\\firebase-functions\\lib\\index.js"} {"metadata":{"emulator":{"name":"functions"},"function":{"name":"api"},"message":"[runtime-status] [7912] Resolved module firebase-functions {\"declared\":true,\"installed\":true,\"version\":\"3.13.2\",\"resolution\":\"C:\\\\Users\\\\91968\\\\amazon-clone\\\\functions\\\\node_modules\\\\firebase-functions\\\\lib\\\\index.js\"}"}}
[debug] [2021-02-23T13:01:41.126Z] [runtime-status] [7912] firebase-admin has been stubbed. {"adminResolution":{"declared":true,"installed":true,"version":"9.5.0","resolution":"C:\\Users\\91968\\amazon-clone\\functions\\node_modules\\firebase-admin\\lib\\index.js"}} {"metadata":{"emulator":{"name":"functions"},"function":{"name":"api"},"message":"[runtime-status] [7912] firebase-admin has been stubbed. {\"adminResolution\":{\"declared\":true,\"installed\":true,\"version\":\"9.5.0\",\"resolution\":\"C:\\\\Users\\\\91968\\\\amazon-clone\\\\functions\\\\node_modules\\\\firebase-admin\\\\lib\\\\index.js\"}}"}}
[debug] [2021-02-23T13:01:41.251Z] [runtime-status] [7912] Trigger "api" has been found, beginning invocation! {"metadata":{"emulator":{"name":"functions"},"function":{"name":"api"},"message":"[runtime-status] [7912] Trigger \"api\" has been found, beginning invocation!"}}
[info] i  functions: Beginning execution of "api" {"metadata":{"emulator":{"name":"functions"},"function":{"name":"api"},"message":"Beginning execution of \"api\""}}
[debug] [2021-02-23T13:01:41.252Z] [runtime-status] [7912] triggerDefinition {"httpsTrigger":{},"name":"api","entryPoint":"api"} {"metadata":{"emulator":{"name":"functions"},"function":{"name":"api"},"message":"[runtime-status] [7912] triggerDefinition {\"httpsTrigger\":{},\"name\":\"api\",\"entryPoint\":\"api\"}"}}
[debug] [2021-02-23T13:01:41.252Z] [runtime-status] [7912] Running api in mode HTTPS {"metadata":{"emulator":{"name":"functions"},"function":{"name":"api"},"message":"[runtime-status] [7912] Running api in mode HTTPS"}}
[debug] [2021-02-23T13:01:41.254Z] [runtime-status] [7912] Attempting to listen to socketPath: \\?\pipe\C:\Users\91968\amazon-clone\functions\7912 {"metadata":{"emulator":{"name":"functions"},"function":{"name":"api"},"message":"[runtime-status] [7912] Attempting to listen to socketPath: \\\\?\\pipe\\C:\\Users\\91968\\amazon-clone\\functions\\7912"}}
[debug] [2021-02-23T13:01:41.256Z] [functions] Runtime ready! Sending request! {"metadata":{"emulator":{"name":"functions"},"message":"[functions] Runtime ready! Sending request!"}}
[debug] [2021-02-23T13:01:41.257Z] [functions] Got req.url=/clone-2b386/us-central1/api, mapping to path=/ {"metadata":{"emulator":{"name":"functions"},"message":"[functions] Got req.url=/clone-2b386/us-central1/api, mapping to path=/"}}
[debug] [2021-02-23T13:01:41.262Z] [runtime-status] [7912] Ephemeral server handling GET request {"metadata":{"emulator":{"name":"functions"},"function":{"name":"api"},"message":"[runtime-status] [7912] Ephemeral server handling GET request"}}
[debug] [2021-02-23T13:01:41.267Z] [runtime-status] [7912] Ephemeral server survived. {"metadata":{"emulator":{"name":"functions"},"function":{"name":"api"},"message":"[runtime-status] [7912] Ephemeral server survived."}}
[info] i  functions: Finished "api" in ~1s {"metadata":{"emulator":{"name":"functions"},"function":{"name":"api"},"message":"Finished \"api\" in ~1s"}}
[debug] [2021-02-23T13:01:41.272Z] [worker-api-8e09b1f3-cabf-474d-a229-7f308a8c39b6]: IDLE {"metadata":{"emulator":{"name":"functions"},"message":"[worker-api-8e09b1f3-cabf-474d-a229-7f308a8c39b6]: IDLE"}}
[debug] [2021-02-23T13:01:41.272Z] [work-queue] {"queueLength":0,"workRunningCount":0}
[debug] [2021-02-23T13:01:41.353Z] Functions emulator received unknown request at path /favicon.ico
[debug] [2021-02-23T13:02:03.987Z] File C:\Users\91968\amazon-clone\functions\index.js changed, reloading triggers {"metadata":{"emulator":{"name":"functions"},"message":"File C:\\Users\\91968\\amazon-clone\\functions\\index.js changed, reloading triggers"}}
[debug] [2021-02-23T13:02:04.989Z] [worker-pool] Shutting down IDLE worker (~diagnostic~) {"metadata":{"emulator":{"name":"functions"},"message":"[worker-pool] Shutting down IDLE worker (~diagnostic~)"}}
[debug] [2021-02-23T13:02:04.989Z] [worker-~diagnostic~-8aed4a92-672b-4114-b933-0de42f95c365]: FINISHING {"metadata":{"emulator":{"name":"functions"},"message":"[worker-~diagnostic~-8aed4a92-672b-4114-b933-0de42f95c365]: FINISHING"}}
[debug] [2021-02-23T13:02:04.990Z] [worker-pool] Shutting down IDLE worker (api) {"metadata":{"emulator":{"name":"functions"},"message":"[worker-pool] Shutting down IDLE worker (api)"}}
[debug] [2021-02-23T13:02:04.990Z] [worker-api-8e09b1f3-cabf-474d-a229-7f308a8c39b6]: FINISHING {"metadata":{"emulator":{"name":"functions"},"message":"[worker-api-8e09b1f3-cabf-474d-a229-7f308a8c39b6]: FINISHING"}}
[debug] [2021-02-23T13:02:04.995Z] [worker-pool] addWorker(~diagnostic~) {"metadata":{"emulator":{"name":"functions"},"message":"[worker-pool] addWorker(~diagnostic~)"}}
[debug] [2021-02-23T13:02:04.995Z] [worker-pool] Adding worker with key ~diagnostic~, total=2 {"metadata":{"emulator":{"name":"functions"},"message":"[worker-pool] Adding worker with key ~diagnostic~, total=2"}}
[debug] [2021-02-23T13:02:04.995Z] [worker-pool] submitWork(triggerId=) {"metadata":{"emulator":{"name":"functions"},"message":"[worker-pool] submitWork(triggerId=)"}}
[debug] [2021-02-23T13:02:04.995Z] [worker-~diagnostic~-67aa212e-8a0d-40f4-89a0-da7f30f53bde]: Assigning socketPath: \\?\pipe\C:\Users\91968\amazon-clone\functions\10176 {"metadata":{"emulator":{"name":"functions"},"message":"[worker-~diagnostic~-67aa212e-8a0d-40f4-89a0-da7f30f53bde]: Assigning socketPath: \\\\?\\pipe\\C:\\Users\\91968\\amazon-clone\\functions\\10176"}}
[debug] [2021-02-23T13:02:04.995Z] [worker-~diagnostic~-67aa212e-8a0d-40f4-89a0-da7f30f53bde]: BUSY {"metadata":{"emulator":{"name":"functions"},"message":"[worker-~diagnostic~-67aa212e-8a0d-40f4-89a0-da7f30f53bde]: BUSY"}}
[debug] [2021-02-23T13:02:04.996Z] [worker-api-8e09b1f3-cabf-474d-a229-7f308a8c39b6]: exited {"metadata":{"emulator":{"name":"functions"},"message":"[worker-api-8e09b1f3-cabf-474d-a229-7f308a8c39b6]: exited"}}
[debug] [2021-02-23T13:02:04.996Z] [worker-api-8e09b1f3-cabf-474d-a229-7f308a8c39b6]: FINISHED {"metadata":{"emulator":{"name":"functions"},"message":"[worker-api-8e09b1f3-cabf-474d-a229-7f308a8c39b6]: FINISHED"}}
[debug] [2021-02-23T13:02:04.997Z] [worker-~diagnostic~-8aed4a92-672b-4114-b933-0de42f95c365]: exited {"metadata":{"emulator":{"name":"functions"},"message":"[worker-~diagnostic~-8aed4a92-672b-4114-b933-0de42f95c365]: exited"}}
[debug] [2021-02-23T13:02:04.997Z] [worker-~diagnostic~-8aed4a92-672b-4114-b933-0de42f95c365]: FINISHED {"metadata":{"emulator":{"name":"functions"},"message":"[worker-~diagnostic~-8aed4a92-672b-4114-b933-0de42f95c365]: FINISHED"}}
[debug] [2021-02-23T13:02:05.134Z] [runtime-status] [10176] Functions runtime initialized. {"cwd":"C:\\Users\\91968\\amazon-clone\\functions","node_version":"15.8.0"} {"metadata":{"emulator":{"name":"functions"},"message":"[runtime-status] [10176] Functions runtime initialized. {\"cwd\":\"C:\\\\Users\\\\91968\\\\amazon-clone\\\\functions\",\"node_version\":\"15.8.0\"}"}}
[debug] [2021-02-23T13:02:05.135Z] [runtime-status] [10176] Disabled runtime features: undefined {"metadata":{"emulator":{"name":"functions"},"message":"[runtime-status] [10176] Disabled runtime features: undefined"}}
[debug] [2021-02-23T13:02:05.138Z] [runtime-status] [10176] Resolved module firebase-admin {"declared":true,"installed":true,"version":"9.5.0","resolution":"C:\\Users\\91968\\amazon-clone\\functions\\node_modules\\firebase-admin\\lib\\index.js"} {"metadata":{"emulator":{"name":"functions"},"message":"[runtime-status] [10176] Resolved module firebase-admin {\"declared\":true,\"installed\":true,\"version\":\"9.5.0\",\"resolution\":\"C:\\\\Users\\\\91968\\\\amazon-clone\\\\functions\\\\node_modules\\\\firebase-admin\\\\lib\\\\index.js\"}"}}
[debug] [2021-02-23T13:02:05.140Z] [runtime-status] [10176] Resolved module firebase-functions {"declared":true,"installed":true,"version":"3.13.2","resolution":"C:\\Users\\91968\\amazon-clone\\functions\\node_modules\\firebase-functions\\lib\\index.js"} {"metadata":{"emulator":{"name":"functions"},"message":"[runtime-status] [10176] Resolved module firebase-functions {\"declared\":true,\"installed\":true,\"version\":\"3.13.2\",\"resolution\":\"C:\\\\Users\\\\91968\\\\amazon-clone\\\\functions\\\\node_modules\\\\firebase-functions\\\\lib\\\\index.js\"}"}}
[debug] [2021-02-23T13:02:05.141Z] [runtime-status] [10176] Resolved module firebase-functions {"declared":true,"installed":true,"version":"3.13.2","resolution":"C:\\Users\\91968\\amazon-clone\\functions\\node_modules\\firebase-functions\\lib\\index.js"} {"metadata":{"emulator":{"name":"functions"},"message":"[runtime-status] [10176] Resolved module firebase-functions {\"declared\":true,\"installed\":true,\"version\":\"3.13.2\",\"resolution\":\"C:\\\\Users\\\\91968\\\\amazon-clone\\\\functions\\\\node_modules\\\\firebase-functions\\\\lib\\\\index.js\"}"}}
[debug] [2021-02-23T13:02:05.142Z] [runtime-status] [10176] Outgoing network have been stubbed. [{"name":"http","status":"mocked"},{"name":"http","status":"mocked"},{"name":"https","status":"mocked"},{"name":"https","status":"mocked"},{"name":"net","status":"mocked"}] {"metadata":{"emulator":{"name":"functions"},"message":"[runtime-status] [10176] Outgoing network have been stubbed. [{\"name\":\"http\",\"status\":\"mocked\"},{\"name\":\"http\",\"status\":\"mocked\"},{\"name\":\"https\",\"status\":\"mocked\"},{\"name\":\"https\",\"status\":\"mocked\"},{\"name\":\"net\",\"status\":\"mocked\"}]"}}
[debug] [2021-02-23T13:02:05.143Z] [runtime-status] [10176] Resolved module firebase-functions {"declared":true,"installed":true,"version":"3.13.2","resolution":"C:\\Users\\91968\\amazon-clone\\functions\\node_modules\\firebase-functions\\lib\\index.js"} {"metadata":{"emulator":{"name":"functions"},"message":"[runtime-status] [10176] Resolved module firebase-functions {\"declared\":true,\"installed\":true,\"version\":\"3.13.2\",\"resolution\":\"C:\\\\Users\\\\91968\\\\amazon-clone\\\\functions\\\\node_modules\\\\firebase-functions\\\\lib\\\\index.js\"}"}}
[debug] [2021-02-23T13:02:05.181Z] [runtime-status] [10176] Checked functions.config() {"config":{}} {"metadata":{"emulator":{"name":"functions"},"message":"[runtime-status] [10176] Checked functions.config() {\"config\":{}}"}}
[debug] [2021-02-23T13:02:05.181Z] [runtime-status] [10176] firebase-functions has been stubbed. {"functionsResolution":{"declared":true,"installed":true,"version":"3.13.2","resolution":"C:\\Users\\91968\\amazon-clone\\functions\\node_modules\\firebase-functions\\lib\\index.js"}} {"metadata":{"emulator":{"name":"functions"},"message":"[runtime-status] [10176] firebase-functions has been stubbed. {\"functionsResolution\":{\"declared\":true,\"installed\":true,\"version\":\"3.13.2\",\"resolution\":\"C:\\\\Users\\\\91968\\\\amazon-clone\\\\functions\\\\node_modules\\\\firebase-functions\\\\lib\\\\index.js\"}}"}}
[debug] [2021-02-23T13:02:05.181Z] [runtime-status] [10176] Resolved module firebase-functions {"declared":true,"installed":true,"version":"3.13.2","resolution":"C:\\Users\\91968\\amazon-clone\\functions\\node_modules\\firebase-functions\\lib\\index.js"} {"metadata":{"emulator":{"name":"functions"},"message":"[runtime-status] [10176] Resolved module firebase-functions {\"declared\":true,\"installed\":true,\"version\":\"3.13.2\",\"resolution\":\"C:\\\\Users\\\\91968\\\\amazon-clone\\\\functions\\\\node_modules\\\\firebase-functions\\\\lib\\\\index.js\"}"}}
[debug] [2021-02-23T13:02:05.182Z] [runtime-status] [10176] Resolved module firebase-admin {"declared":true,"installed":true,"version":"9.5.0","resolution":"C:\\Users\\91968\\amazon-clone\\functions\\node_modules\\firebase-admin\\lib\\index.js"} {"metadata":{"emulator":{"name":"functions"},"message":"[runtime-status] [10176] Resolved module firebase-admin {\"declared\":true,\"installed\":true,\"version\":\"9.5.0\",\"resolution\":\"C:\\\\Users\\\\91968\\\\amazon-clone\\\\functions\\\\node_modules\\\\firebase-admin\\\\lib\\\\index.js\"}"}}
[debug] [2021-02-23T13:02:05.182Z] [runtime-status] [10176] Resolved module firebase-functions {"declared":true,"installed":true,"version":"3.13.2","resolution":"C:\\Users\\91968\\amazon-clone\\functions\\node_modules\\firebase-functions\\lib\\index.js"} {"metadata":{"emulator":{"name":"functions"},"message":"[runtime-status] [10176] Resolved module firebase-functions {\"declared\":true,\"installed\":true,\"version\":\"3.13.2\",\"resolution\":\"C:\\\\Users\\\\91968\\\\amazon-clone\\\\functions\\\\node_modules\\\\firebase-functions\\\\lib\\\\index.js\"}"}}
[debug] [2021-02-23T13:02:05.183Z] [runtime-status] [10176] firebase-admin has been stubbed. {"adminResolution":{"declared":true,"installed":true,"version":"9.5.0","resolution":"C:\\Users\\91968\\amazon-clone\\functions\\node_modules\\firebase-admin\\lib\\index.js"}} {"metadata":{"emulator":{"name":"functions"},"message":"[runtime-status] [10176] firebase-admin has been stubbed. {\"adminResolution\":{\"declared\":true,\"installed\":true,\"version\":\"9.5.0\",\"resolution\":\"C:\\\\Users\\\\91968\\\\amazon-clone\\\\functions\\\\node_modules\\\\firebase-admin\\\\lib\\\\index.js\"}}"}}
[warn] !  ReferenceError: paymentIntent is not defined
    at Object.<anonymous> (C:\Users\91968\amazon-clone\functions\index.js:18:18)
    at Module._compile (node:internal/modules/cjs/loader:1108:14)
    at Object.Module._extensions..js (node:internal/modules/cjs/loader:1137:10)
    at Module.load (node:internal/modules/cjs/loader:973:32)
    at Function.Module._load (node:internal/modules/cjs/loader:813:14)
    at Module.require (node:internal/modules/cjs/loader:997:19)
    at require (node:internal/modules/cjs/helpers:92:18)
    at initializeRuntime (C:\Users\91968\AppData\Roaming\npm\node_modules\firebase-tools\lib\emulator\functionsEmulatorRuntime.js:678:29)
    at processTicksAndRejections (node:internal/process/task_queues:94:5)
    at async handleMessage (C:\Users\91968\AppData\Roaming\npm\node_modules\firebase-tools\lib\emulator\functionsEmulatorRuntime.js:716:20) {"metadata":{"emulator":{"name":"functions"},"message":"ReferenceError: paymentIntent is not defined\n    at Object.<anonymous> (C:\\Users\\91968\\amazon-clone\\functions\\index.js:18:18)\n    at Module._compile (node:internal/modules/cjs/loader:1108:14)\n    at Object.Module._extensions..js (node:internal/modules/cjs/loader:1137:10)\n    at Module.load (node:internal/modules/cjs/loader:973:32)\n    at Function.Module._load (node:internal/modules/cjs/loader:813:14)\n    at Module.require (node:internal/modules/cjs/loader:997:19)\n    at require (node:internal/modules/cjs/helpers:92:18)\n    at initializeRuntime (C:\\Users\\91968\\AppData\\Roaming\\npm\\node_modules\\firebase-tools\\lib\\emulator\\functionsEmulatorRuntime.js:678:29)\n    at processTicksAndRejections (node:internal/process/task_queues:94:5)\n    at async handleMessage (C:\\Users\\91968\\AppData\\Roaming\\npm\\node_modules\\firebase-tools\\lib\\emulator\\functionsEmulatorRuntime.js:716:20)"}}
[warn] !  We were unable to load your functions code. (see above) {"metadata":{"emulator":{"name":"functions"}}}
[debug] [2021-02-23T13:02:05.327Z] [worker-~diagnostic~-67aa212e-8a0d-40f4-89a0-da7f30f53bde]: exited {"metadata":{"emulator":{"name":"functions"},"message":"[worker-~diagnostic~-67aa212e-8a0d-40f4-89a0-da7f30f53bde]: exited"}}
[debug] [2021-02-23T13:02:05.327Z] [worker-~diagnostic~-67aa212e-8a0d-40f4-89a0-da7f30f53bde]: FINISHED {"metadata":{"emulator":{"name":"functions"},"message":"[worker-~diagnostic~-67aa212e-8a0d-40f4-89a0-da7f30f53bde]: FINISHED"}}
[debug] [2021-02-23T13:02:21.988Z] File C:\Users\91968\amazon-clone\functions\index.js changed, reloading triggers {"metadata":{"emulator":{"name":"functions"},"message":"File C:\\Users\\91968\\amazon-clone\\functions\\index.js changed, reloading triggers"}}
[debug] [2021-02-23T13:02:22.996Z] [worker-pool] Cleaned up workers for ~diagnostic~: 2 --> 0 {"metadata":{"emulator":{"name":"functions"},"message":"[worker-pool] Cleaned up workers for ~diagnostic~: 2 --> 0"}}
[debug] [2021-02-23T13:02:22.996Z] [worker-pool] Cleaned up workers for api: 1 --> 0 {"metadata":{"emulator":{"name":"functions"},"message":"[worker-pool] Cleaned up workers for api: 1 --> 0"}}
[debug] [2021-02-23T13:02:23.004Z] [worker-pool] addWorker(~diagnostic~) {"metadata":{"emulator":{"name":"functions"},"message":"[worker-pool] addWorker(~diagnostic~)"}}
[debug] [2021-02-23T13:02:23.004Z] [worker-pool] Adding worker with key ~diagnostic~, total=1 {"metadata":{"emulator":{"name":"functions"},"message":"[worker-pool] Adding worker with key ~diagnostic~, total=1"}}
[debug] [2021-02-23T13:02:23.007Z] [worker-pool] submitWork(triggerId=) {"metadata":{"emulator":{"name":"functions"},"message":"[worker-pool] submitWork(triggerId=)"}}
[debug] [2021-02-23T13:02:23.007Z] [worker-~diagnostic~-1953e811-f859-4033-8f5f-c1451c992c3f]: Assigning socketPath: \\?\pipe\C:\Users\91968\amazon-clone\functions\12276 {"metadata":{"emulator":{"name":"functions"},"message":"[worker-~diagnostic~-1953e811-f859-4033-8f5f-c1451c992c3f]: Assigning socketPath: \\\\?\\pipe\\C:\\Users\\91968\\amazon-clone\\functions\\12276"}}
[debug] [2021-02-23T13:02:23.007Z] [worker-~diagnostic~-1953e811-f859-4033-8f5f-c1451c992c3f]: BUSY {"metadata":{"emulator":{"name":"functions"},"message":"[worker-~diagnostic~-1953e811-f859-4033-8f5f-c1451c992c3f]: BUSY"}}
[debug] [2021-02-23T13:02:23.158Z] [runtime-status] [12276] Functions runtime initialized. {"cwd":"C:\\Users\\91968\\amazon-clone\\functions","node_version":"15.8.0"} {"metadata":{"emulator":{"name":"functions"},"message":"[runtime-status] [12276] Functions runtime initialized. {\"cwd\":\"C:\\\\Users\\\\91968\\\\amazon-clone\\\\functions\",\"node_version\":\"15.8.0\"}"}}
[debug] [2021-02-23T13:02:23.159Z] [runtime-status] [12276] Disabled runtime features: undefined {"metadata":{"emulator":{"name":"functions"},"message":"[runtime-status] [12276] Disabled runtime features: undefined"}}
[debug] [2021-02-23T13:02:23.162Z] [runtime-status] [12276] Resolved module firebase-admin {"declared":true,"installed":true,"version":"9.5.0","resolution":"C:\\Users\\91968\\amazon-clone\\functions\\node_modules\\firebase-admin\\lib\\index.js"} {"metadata":{"emulator":{"name":"functions"},"message":"[runtime-status] [12276] Resolved module firebase-admin {\"declared\":true,\"installed\":true,\"version\":\"9.5.0\",\"resolution\":\"C:\\\\Users\\\\91968\\\\amazon-clone\\\\functions\\\\node_modules\\\\firebase-admin\\\\lib\\\\index.js\"}"}}
[debug] [2021-02-23T13:02:23.163Z] [runtime-status] [12276] Resolved module firebase-functions {"declared":true,"installed":true,"version":"3.13.2","resolution":"C:\\Users\\91968\\amazon-clone\\functions\\node_modules\\firebase-functions\\lib\\index.js"} {"metadata":{"emulator":{"name":"functions"},"message":"[runtime-status] [12276] Resolved module firebase-functions {\"declared\":true,\"installed\":true,\"version\":\"3.13.2\",\"resolution\":\"C:\\\\Users\\\\91968\\\\amazon-clone\\\\functions\\\\node_modules\\\\firebase-functions\\\\lib\\\\index.js\"}"}}
[debug] [2021-02-23T13:02:23.164Z] [runtime-status] [12276] Resolved module firebase-functions {"declared":true,"installed":true,"version":"3.13.2","resolution":"C:\\Users\\91968\\amazon-clone\\functions\\node_modules\\firebase-functions\\lib\\index.js"} {"metadata":{"emulator":{"name":"functions"},"message":"[runtime-status] [12276] Resolved module firebase-functions {\"declared\":true,\"installed\":true,\"version\":\"3.13.2\",\"resolution\":\"C:\\\\Users\\\\91968\\\\amazon-clone\\\\functions\\\\node_modules\\\\firebase-functions\\\\lib\\\\index.js\"}"}}
[debug] [2021-02-23T13:02:23.166Z] [runtime-status] [12276] Outgoing network have been stubbed. [{"name":"http","status":"mocked"},{"name":"http","status":"mocked"},{"name":"https","status":"mocked"},{"name":"https","status":"mocked"},{"name":"net","status":"mocked"}] {"metadata":{"emulator":{"name":"functions"},"message":"[runtime-status] [12276] Outgoing network have been stubbed. [{\"name\":\"http\",\"status\":\"mocked\"},{\"name\":\"http\",\"status\":\"mocked\"},{\"name\":\"https\",\"status\":\"mocked\"},{\"name\":\"https\",\"status\":\"mocked\"},{\"name\":\"net\",\"status\":\"mocked\"}]"}}
[debug] [2021-02-23T13:02:23.167Z] [runtime-status] [12276] Resolved module firebase-functions {"declared":true,"installed":true,"version":"3.13.2","resolution":"C:\\Users\\91968\\amazon-clone\\functions\\node_modules\\firebase-functions\\lib\\index.js"} {"metadata":{"emulator":{"name":"functions"},"message":"[runtime-status] [12276] Resolved module firebase-functions {\"declared\":true,\"installed\":true,\"version\":\"3.13.2\",\"resolution\":\"C:\\\\Users\\\\91968\\\\amazon-clone\\\\functions\\\\node_modules\\\\firebase-functions\\\\lib\\\\index.js\"}"}}
[debug] [2021-02-23T13:02:23.203Z] [runtime-status] [12276] Checked functions.config() {"config":{}} {"metadata":{"emulator":{"name":"functions"},"message":"[runtime-status] [12276] Checked functions.config() {\"config\":{}}"}}
[debug] [2021-02-23T13:02:23.203Z] [runtime-status] [12276] firebase-functions has been stubbed. {"functionsResolution":{"declared":true,"installed":true,"version":"3.13.2","resolution":"C:\\Users\\91968\\amazon-clone\\functions\\node_modules\\firebase-functions\\lib\\index.js"}} {"metadata":{"emulator":{"name":"functions"},"message":"[runtime-status] [12276] firebase-functions has been stubbed. {\"functionsResolution\":{\"declared\":true,\"installed\":true,\"version\":\"3.13.2\",\"resolution\":\"C:\\\\Users\\\\91968\\\\amazon-clone\\\\functions\\\\node_modules\\\\firebase-functions\\\\lib\\\\index.js\"}}"}}
[debug] [2021-02-23T13:02:23.204Z] [runtime-status] [12276] Resolved module firebase-functions {"declared":true,"installed":true,"version":"3.13.2","resolution":"C:\\Users\\91968\\amazon-clone\\functions\\node_modules\\firebase-functions\\lib\\index.js"} {"metadata":{"emulator":{"name":"functions"},"message":"[runtime-status] [12276] Resolved module firebase-functions {\"declared\":true,\"installed\":true,\"version\":\"3.13.2\",\"resolution\":\"C:\\\\Users\\\\91968\\\\amazon-clone\\\\functions\\\\node_modules\\\\firebase-functions\\\\lib\\\\index.js\"}"}}
[debug] [2021-02-23T13:02:23.204Z] [runtime-status] [12276] Resolved module firebase-admin {"declared":true,"installed":true,"version":"9.5.0","resolution":"C:\\Users\\91968\\amazon-clone\\functions\\node_modules\\firebase-admin\\lib\\index.js"} {"metadata":{"emulator":{"name":"functions"},"message":"[runtime-status] [12276] Resolved module firebase-admin {\"declared\":true,\"installed\":true,\"version\":\"9.5.0\",\"resolution\":\"C:\\\\Users\\\\91968\\\\amazon-clone\\\\functions\\\\node_modules\\\\firebase-admin\\\\lib\\\\index.js\"}"}}
[debug] [2021-02-23T13:02:23.205Z] [runtime-status] [12276] Resolved module firebase-functions {"declared":true,"installed":true,"version":"3.13.2","resolution":"C:\\Users\\91968\\amazon-clone\\functions\\node_modules\\firebase-functions\\lib\\index.js"} {"metadata":{"emulator":{"name":"functions"},"message":"[runtime-status] [12276] Resolved module firebase-functions {\"declared\":true,\"installed\":true,\"version\":\"3.13.2\",\"resolution\":\"C:\\\\Users\\\\91968\\\\amazon-clone\\\\functions\\\\node_modules\\\\firebase-functions\\\\lib\\\\index.js\"}"}}
[debug] [2021-02-23T13:02:23.205Z] [runtime-status] [12276] firebase-admin has been stubbed. {"adminResolution":{"declared":true,"installed":true,"version":"9.5.0","resolution":"C:\\Users\\91968\\amazon-clone\\functions\\node_modules\\firebase-admin\\lib\\index.js"}} {"metadata":{"emulator":{"name":"functions"},"message":"[runtime-status] [12276] firebase-admin has been stubbed. {\"adminResolution\":{\"declared\":true,\"installed\":true,\"version\":\"9.5.0\",\"resolution\":\"C:\\\\Users\\\\91968\\\\amazon-clone\\\\functions\\\\node_modules\\\\firebase-admin\\\\lib\\\\index.js\"}}"}}
[warn] !  ReferenceError: paymentIntent is not defined
    at Object.<anonymous> (C:\Users\91968\amazon-clone\functions\index.js:18:22)
    at Module._compile (node:internal/modules/cjs/loader:1108:14)
    at Object.Module._extensions..js (node:internal/modules/cjs/loader:1137:10)
    at Module.load (node:internal/modules/cjs/loader:973:32)
    at Function.Module._load (node:internal/modules/cjs/loader:813:14)
    at Module.require (node:internal/modules/cjs/loader:997:19)
    at require (node:internal/modules/cjs/helpers:92:18)
    at initializeRuntime (C:\Users\91968\AppData\Roaming\npm\node_modules\firebase-tools\lib\emulator\functionsEmulatorRuntime.js:678:29)
    at processTicksAndRejections (node:internal/process/task_queues:94:5)
    at async handleMessage (C:\Users\91968\AppData\Roaming\npm\node_modules\firebase-tools\lib\emulator\functionsEmulatorRuntime.js:716:20) {"metadata":{"emulator":{"name":"functions"},"message":"ReferenceError: paymentIntent is not defined\n    at Object.<anonymous> (C:\\Users\\91968\\amazon-clone\\functions\\index.js:18:22)\n    at Module._compile (node:internal/modules/cjs/loader:1108:14)\n    at Object.Module._extensions..js (node:internal/modules/cjs/loader:1137:10)\n    at Module.load (node:internal/modules/cjs/loader:973:32)\n    at Function.Module._load (node:internal/modules/cjs/loader:813:14)\n    at Module.require (node:internal/modules/cjs/loader:997:19)\n    at require (node:internal/modules/cjs/helpers:92:18)\n    at initializeRuntime (C:\\Users\\91968\\AppData\\Roaming\\npm\\node_modules\\firebase-tools\\lib\\emulator\\functionsEmulatorRuntime.js:678:29)\n    at processTicksAndRejections (node:internal/process/task_queues:94:5)\n    at async handleMessage (C:\\Users\\91968\\AppData\\Roaming\\npm\\node_modules\\firebase-tools\\lib\\emulator\\functionsEmulatorRuntime.js:716:20)"}}
[warn] !  We were unable to load your functions code. (see above) {"metadata":{"emulator":{"name":"functions"}}}
[debug] [2021-02-23T13:02:23.351Z] [worker-~diagnostic~-1953e811-f859-4033-8f5f-c1451c992c3f]: exited {"metadata":{"emulator":{"name":"functions"},"message":"[worker-~diagnostic~-1953e811-f859-4033-8f5f-c1451c992c3f]: exited"}}
[debug] [2021-02-23T13:02:23.351Z] [worker-~diagnostic~-1953e811-f859-4033-8f5f-c1451c992c3f]: FINISHED {"metadata":{"emulator":{"name":"functions"},"message":"[worker-~diagnostic~-1953e811-f859-4033-8f5f-c1451c992c3f]: FINISHED"}}
[debug] [2021-02-23T13:02:25.988Z] File C:\Users\91968\amazon-clone\functions\index.js changed, reloading triggers {"metadata":{"emulator":{"name":"functions"},"message":"File C:\\Users\\91968\\amazon-clone\\functions\\index.js changed, reloading triggers"}}
[debug] [2021-02-23T13:02:26.991Z] [worker-pool] Cleaned up workers for ~diagnostic~: 1 --> 0 {"metadata":{"emulator":{"name":"functions"},"message":"[worker-pool] Cleaned up workers for ~diagnostic~: 1 --> 0"}}
[debug] [2021-02-23T13:02:27.003Z] [worker-pool] addWorker(~diagnostic~) {"metadata":{"emulator":{"name":"functions"},"message":"[worker-pool] addWorker(~diagnostic~)"}}
[debug] [2021-02-23T13:02:27.003Z] [worker-pool] Adding worker with key ~diagnostic~, total=1 {"metadata":{"emulator":{"name":"functions"},"message":"[worker-pool] Adding worker with key ~diagnostic~, total=1"}}
[debug] [2021-02-23T13:02:27.004Z] [worker-pool] submitWork(triggerId=) {"metadata":{"emulator":{"name":"functions"},"message":"[worker-pool] submitWork(triggerId=)"}}
[debug] [2021-02-23T13:02:27.004Z] [worker-~diagnostic~-9059811d-b1b2-49ed-a391-e8e702073c98]: Assigning socketPath: \\?\pipe\C:\Users\91968\amazon-clone\functions\17624 {"metadata":{"emulator":{"name":"functions"},"message":"[worker-~diagnostic~-9059811d-b1b2-49ed-a391-e8e702073c98]: Assigning socketPath: \\\\?\\pipe\\C:\\Users\\91968\\amazon-clone\\functions\\17624"}}
[debug] [2021-02-23T13:02:27.004Z] [worker-~diagnostic~-9059811d-b1b2-49ed-a391-e8e702073c98]: BUSY {"metadata":{"emulator":{"name":"functions"},"message":"[worker-~diagnostic~-9059811d-b1b2-49ed-a391-e8e702073c98]: BUSY"}}
[debug] [2021-02-23T13:02:27.154Z] [runtime-status] [17624] Functions runtime initialized. {"cwd":"C:\\Users\\91968\\amazon-clone\\functions","node_version":"15.8.0"} {"metadata":{"emulator":{"name":"functions"},"message":"[runtime-status] [17624] Functions runtime initialized. {\"cwd\":\"C:\\\\Users\\\\91968\\\\amazon-clone\\\\functions\",\"node_version\":\"15.8.0\"}"}}
[debug] [2021-02-23T13:02:27.154Z] [runtime-status] [17624] Disabled runtime features: undefined {"metadata":{"emulator":{"name":"functions"},"message":"[runtime-status] [17624] Disabled runtime features: undefined"}}
[debug] [2021-02-23T13:02:27.157Z] [runtime-status] [17624] Resolved module firebase-admin {"declared":true,"installed":true,"version":"9.5.0","resolution":"C:\\Users\\91968\\amazon-clone\\functions\\node_modules\\firebase-admin\\lib\\index.js"} {"metadata":{"emulator":{"name":"functions"},"message":"[runtime-status] [17624] Resolved module firebase-admin {\"declared\":true,\"installed\":true,\"version\":\"9.5.0\",\"resolution\":\"C:\\\\Users\\\\91968\\\\amazon-clone\\\\functions\\\\node_modules\\\\firebase-admin\\\\lib\\\\index.js\"}"}}
[debug] [2021-02-23T13:02:27.159Z] [runtime-status] [17624] Resolved module firebase-functions {"declared":true,"installed":true,"version":"3.13.2","resolution":"C:\\Users\\91968\\amazon-clone\\functions\\node_modules\\firebase-functions\\lib\\index.js"} {"metadata":{"emulator":{"name":"functions"},"message":"[runtime-status] [17624] Resolved module firebase-functions {\"declared\":true,\"installed\":true,\"version\":\"3.13.2\",\"resolution\":\"C:\\\\Users\\\\91968\\\\amazon-clone\\\\functions\\\\node_modules\\\\firebase-functions\\\\lib\\\\index.js\"}"}}
[debug] [2021-02-23T13:02:27.160Z] [runtime-status] [17624] Resolved module firebase-functions {"declared":true,"installed":true,"version":"3.13.2","resolution":"C:\\Users\\91968\\amazon-clone\\functions\\node_modules\\firebase-functions\\lib\\index.js"} {"metadata":{"emulator":{"name":"functions"},"message":"[runtime-status] [17624] Resolved module firebase-functions {\"declared\":true,\"installed\":true,\"version\":\"3.13.2\",\"resolution\":\"C:\\\\Users\\\\91968\\\\amazon-clone\\\\functions\\\\node_modules\\\\firebase-functions\\\\lib\\\\index.js\"}"}}
[debug] [2021-02-23T13:02:27.162Z] [runtime-status] [17624] Outgoing network have been stubbed. [{"name":"http","status":"mocked"},{"name":"http","status":"mocked"},{"name":"https","status":"mocked"},{"name":"https","status":"mocked"},{"name":"net","status":"mocked"}] {"metadata":{"emulator":{"name":"functions"},"message":"[runtime-status] [17624] Outgoing network have been stubbed. [{\"name\":\"http\",\"status\":\"mocked\"},{\"name\":\"http\",\"status\":\"mocked\"},{\"name\":\"https\",\"status\":\"mocked\"},{\"name\":\"https\",\"status\":\"mocked\"},{\"name\":\"net\",\"status\":\"mocked\"}]"}}
[debug] [2021-02-23T13:02:27.162Z] [runtime-status] [17624] Resolved module firebase-functions {"declared":true,"installed":true,"version":"3.13.2","resolution":"C:\\Users\\91968\\amazon-clone\\functions\\node_modules\\firebase-functions\\lib\\index.js"} {"metadata":{"emulator":{"name":"functions"},"message":"[runtime-status] [17624] Resolved module firebase-functions {\"declared\":true,\"installed\":true,\"version\":\"3.13.2\",\"resolution\":\"C:\\\\Users\\\\91968\\\\amazon-clone\\\\functions\\\\node_modules\\\\firebase-functions\\\\lib\\\\index.js\"}"}}
[debug] [2021-02-23T13:02:27.200Z] [runtime-status] [17624] Checked functions.config() {"config":{}} {"metadata":{"emulator":{"name":"functions"},"message":"[runtime-status] [17624] Checked functions.config() {\"config\":{}}"}}
[debug] [2021-02-23T13:02:27.200Z] [runtime-status] [17624] firebase-functions has been stubbed. {"functionsResolution":{"declared":true,"installed":true,"version":"3.13.2","resolution":"C:\\Users\\91968\\amazon-clone\\functions\\node_modules\\firebase-functions\\lib\\index.js"}} {"metadata":{"emulator":{"name":"functions"},"message":"[runtime-status] [17624] firebase-functions has been stubbed. {\"functionsResolution\":{\"declared\":true,\"installed\":true,\"version\":\"3.13.2\",\"resolution\":\"C:\\\\Users\\\\91968\\\\amazon-clone\\\\functions\\\\node_modules\\\\firebase-functions\\\\lib\\\\index.js\"}}"}}
[debug] [2021-02-23T13:02:27.200Z] [runtime-status] [17624] Resolved module firebase-functions {"declared":true,"installed":true,"version":"3.13.2","resolution":"C:\\Users\\91968\\amazon-clone\\functions\\node_modules\\firebase-functions\\lib\\index.js"} {"metadata":{"emulator":{"name":"functions"},"message":"[runtime-status] [17624] Resolved module firebase-functions {\"declared\":true,\"installed\":true,\"version\":\"3.13.2\",\"resolution\":\"C:\\\\Users\\\\91968\\\\amazon-clone\\\\functions\\\\node_modules\\\\firebase-functions\\\\lib\\\\index.js\"}"}}
[debug] [2021-02-23T13:02:27.201Z] [runtime-status] [17624] Resolved module firebase-admin {"declared":true,"installed":true,"version":"9.5.0","resolution":"C:\\Users\\91968\\amazon-clone\\functions\\node_modules\\firebase-admin\\lib\\index.js"} {"metadata":{"emulator":{"name":"functions"},"message":"[runtime-status] [17624] Resolved module firebase-admin {\"declared\":true,\"installed\":true,\"version\":\"9.5.0\",\"resolution\":\"C:\\\\Users\\\\91968\\\\amazon-clone\\\\functions\\\\node_modules\\\\firebase-admin\\\\lib\\\\index.js\"}"}}
[debug] [2021-02-23T13:02:27.201Z] [runtime-status] [17624] Resolved module firebase-functions {"declared":true,"installed":true,"version":"3.13.2","resolution":"C:\\Users\\91968\\amazon-clone\\functions\\node_modules\\firebase-functions\\lib\\index.js"} {"metadata":{"emulator":{"name":"functions"},"message":"[runtime-status] [17624] Resolved module firebase-functions {\"declared\":true,\"installed\":true,\"version\":\"3.13.2\",\"resolution\":\"C:\\\\Users\\\\91968\\\\amazon-clone\\\\functions\\\\node_modules\\\\firebase-functions\\\\lib\\\\index.js\"}"}}
[debug] [2021-02-23T13:02:27.202Z] [runtime-status] [17624] firebase-admin has been stubbed. {"adminResolution":{"declared":true,"installed":true,"version":"9.5.0","resolution":"C:\\Users\\91968\\amazon-clone\\functions\\node_modules\\firebase-admin\\lib\\index.js"}} {"metadata":{"emulator":{"name":"functions"},"message":"[runtime-status] [17624] firebase-admin has been stubbed. {\"adminResolution\":{\"declared\":true,\"installed\":true,\"version\":\"9.5.0\",\"resolution\":\"C:\\\\Users\\\\91968\\\\amazon-clone\\\\functions\\\\node_modules\\\\firebase-admin\\\\lib\\\\index.js\"}}"}}
[warn] !  ReferenceError: paymentIntent is not defined
    at Object.<anonymous> (C:\Users\91968\amazon-clone\functions\index.js:18:18)
    at Module._compile (node:internal/modules/cjs/loader:1108:14)
    at Object.Module._extensions..js (node:internal/modules/cjs/loader:1137:10)
    at Module.load (node:internal/modules/cjs/loader:973:32)
    at Function.Module._load (node:internal/modules/cjs/loader:813:14)
    at Module.require (node:internal/modules/cjs/loader:997:19)
    at require (node:internal/modules/cjs/helpers:92:18)
    at initializeRuntime (C:\Users\91968\AppData\Roaming\npm\node_modules\firebase-tools\lib\emulator\functionsEmulatorRuntime.js:678:29)
    at processTicksAndRejections (node:internal/process/task_queues:94:5)
    at async handleMessage (C:\Users\91968\AppData\Roaming\npm\node_modules\firebase-tools\lib\emulator\functionsEmulatorRuntime.js:716:20) {"metadata":{"emulator":{"name":"functions"},"message":"ReferenceError: paymentIntent is not defined\n    at Object.<anonymous> (C:\\Users\\91968\\amazon-clone\\functions\\index.js:18:18)\n    at Module._compile (node:internal/modules/cjs/loader:1108:14)\n    at Object.Module._extensions..js (node:internal/modules/cjs/loader:1137:10)\n    at Module.load (node:internal/modules/cjs/loader:973:32)\n    at Function.Module._load (node:internal/modules/cjs/loader:813:14)\n    at Module.require (node:internal/modules/cjs/loader:997:19)\n    at require (node:internal/modules/cjs/helpers:92:18)\n    at initializeRuntime (C:\\Users\\91968\\AppData\\Roaming\\npm\\node_modules\\firebase-tools\\lib\\emulator\\functionsEmulatorRuntime.js:678:29)\n    at processTicksAndRejections (node:internal/process/task_queues:94:5)\n    at async handleMessage (C:\\Users\\91968\\AppData\\Roaming\\npm\\node_modules\\firebase-tools\\lib\\emulator\\functionsEmulatorRuntime.js:716:20)"}}
[warn] !  We were unable to load your functions code. (see above) {"metadata":{"emulator":{"name":"functions"}}}
[debug] [2021-02-23T13:02:27.355Z] [worker-~diagnostic~-9059811d-b1b2-49ed-a391-e8e702073c98]: exited {"metadata":{"emulator":{"name":"functions"},"message":"[worker-~diagnostic~-9059811d-b1b2-49ed-a391-e8e702073c98]: exited"}}
[debug] [2021-02-23T13:02:27.355Z] [worker-~diagnostic~-9059811d-b1b2-49ed-a391-e8e702073c98]: FINISHED {"metadata":{"emulator":{"name":"functions"},"message":"[worker-~diagnostic~-9059811d-b1b2-49ed-a391-e8e702073c98]: FINISHED"}}
[debug] [2021-02-23T13:06:30.264Z] [work-queue] {"queueLength":1,"workRunningCount":0}
[debug] [2021-02-23T13:06:30.265Z] [work-queue] {"queueLength":0,"workRunningCount":1}
[debug] [2021-02-23T13:06:30.265Z] Accepted request POST /clone-2b386/us-central1/api/payment/create?total=5998 --> api
[debug] [2021-02-23T13:06:30.265Z] [worker-pool] Cleaned up workers for ~diagnostic~: 1 --> 0 {"metadata":{"emulator":{"name":"functions"},"message":"[worker-pool] Cleaned up workers for ~diagnostic~: 1 --> 0"}}
[debug] [2021-02-23T13:06:30.268Z] [worker-pool] addWorker(api) {"metadata":{"emulator":{"name":"functions"},"message":"[worker-pool] addWorker(api)"}}
[debug] [2021-02-23T13:06:30.269Z] [worker-pool] Adding worker with key api, total=1 {"metadata":{"emulator":{"name":"functions"},"message":"[worker-pool] Adding worker with key api, total=1"}}
[debug] [2021-02-23T13:06:30.269Z] [worker-pool] submitWork(triggerId=api) {"metadata":{"emulator":{"name":"functions"},"message":"[worker-pool] submitWork(triggerId=api)"}}
[debug] [2021-02-23T13:06:30.269Z] [worker-api-9e279a74-634c-4956-9b2d-260815d61de2]: Assigning socketPath: \\?\pipe\C:\Users\91968\amazon-clone\functions\12400 {"metadata":{"emulator":{"name":"functions"},"message":"[worker-api-9e279a74-634c-4956-9b2d-260815d61de2]: Assigning socketPath: \\\\?\\pipe\\C:\\Users\\91968\\amazon-clone\\functions\\12400"}}
[debug] [2021-02-23T13:06:30.269Z] [worker-api-9e279a74-634c-4956-9b2d-260815d61de2]: BUSY {"metadata":{"emulator":{"name":"functions"},"message":"[worker-api-9e279a74-634c-4956-9b2d-260815d61de2]: BUSY"}}
[debug] [2021-02-23T13:06:30.413Z] [runtime-status] [12400] Functions runtime initialized. {"cwd":"C:\\Users\\91968\\amazon-clone\\functions","node_version":"15.8.0"} {"metadata":{"emulator":{"name":"functions"},"function":{"name":"api"},"message":"[runtime-status] [12400] Functions runtime initialized. {\"cwd\":\"C:\\\\Users\\\\91968\\\\amazon-clone\\\\functions\",\"node_version\":\"15.8.0\"}"}}
[debug] [2021-02-23T13:06:30.414Z] [runtime-status] [12400] Disabled runtime features: undefined {"metadata":{"emulator":{"name":"functions"},"function":{"name":"api"},"message":"[runtime-status] [12400] Disabled runtime features: undefined"}}
[debug] [2021-02-23T13:06:30.416Z] [runtime-status] [12400] Resolved module firebase-admin {"declared":true,"installed":true,"version":"9.5.0","resolution":"C:\\Users\\91968\\amazon-clone\\functions\\node_modules\\firebase-admin\\lib\\index.js"} {"metadata":{"emulator":{"name":"functions"},"function":{"name":"api"},"message":"[runtime-status] [12400] Resolved module firebase-admin {\"declared\":true,\"installed\":true,\"version\":\"9.5.0\",\"resolution\":\"C:\\\\Users\\\\91968\\\\amazon-clone\\\\functions\\\\node_modules\\\\firebase-admin\\\\lib\\\\index.js\"}"}}
[debug] [2021-02-23T13:06:30.418Z] [runtime-status] [12400] Resolved module firebase-functions {"declared":true,"installed":true,"version":"3.13.2","resolution":"C:\\Users\\91968\\amazon-clone\\functions\\node_modules\\firebase-functions\\lib\\index.js"} {"metadata":{"emulator":{"name":"functions"},"function":{"name":"api"},"message":"[runtime-status] [12400] Resolved module firebase-functions {\"declared\":true,\"installed\":true,\"version\":\"3.13.2\",\"resolution\":\"C:\\\\Users\\\\91968\\\\amazon-clone\\\\functions\\\\node_modules\\\\firebase-functions\\\\lib\\\\index.js\"}"}}
[debug] [2021-02-23T13:06:30.419Z] [runtime-status] [12400] Resolved module firebase-functions {"declared":true,"installed":true,"version":"3.13.2","resolution":"C:\\Users\\91968\\amazon-clone\\functions\\node_modules\\firebase-functions\\lib\\index.js"} {"metadata":{"emulator":{"name":"functions"},"function":{"name":"api"},"message":"[runtime-status] [12400] Resolved module firebase-functions {\"declared\":true,\"installed\":true,\"version\":\"3.13.2\",\"resolution\":\"C:\\\\Users\\\\91968\\\\amazon-clone\\\\functions\\\\node_modules\\\\firebase-functions\\\\lib\\\\index.js\"}"}}
[debug] [2021-02-23T13:06:30.421Z] [runtime-status] [12400] Outgoing network have been stubbed. [{"name":"http","status":"mocked"},{"name":"http","status":"mocked"},{"name":"https","status":"mocked"},{"name":"https","status":"mocked"},{"name":"net","status":"mocked"}] {"metadata":{"emulator":{"name":"functions"},"function":{"name":"api"},"message":"[runtime-status] [12400] Outgoing network have been stubbed. [{\"name\":\"http\",\"status\":\"mocked\"},{\"name\":\"http\",\"status\":\"mocked\"},{\"name\":\"https\",\"status\":\"mocked\"},{\"name\":\"https\",\"status\":\"mocked\"},{\"name\":\"net\",\"status\":\"mocked\"}]"}}
[debug] [2021-02-23T13:06:30.421Z] [runtime-status] [12400] Resolved module firebase-functions {"declared":true,"installed":true,"version":"3.13.2","resolution":"C:\\Users\\91968\\amazon-clone\\functions\\node_modules\\firebase-functions\\lib\\index.js"} {"metadata":{"emulator":{"name":"functions"},"function":{"name":"api"},"message":"[runtime-status] [12400] Resolved module firebase-functions {\"declared\":true,\"installed\":true,\"version\":\"3.13.2\",\"resolution\":\"C:\\\\Users\\\\91968\\\\amazon-clone\\\\functions\\\\node_modules\\\\firebase-functions\\\\lib\\\\index.js\"}"}}
[debug] [2021-02-23T13:06:30.459Z] [runtime-status] [12400] Checked functions.config() {"config":{}} {"metadata":{"emulator":{"name":"functions"},"function":{"name":"api"},"message":"[runtime-status] [12400] Checked functions.config() {\"config\":{}}"}}
[debug] [2021-02-23T13:06:30.460Z] [runtime-status] [12400] firebase-functions has been stubbed. {"functionsResolution":{"declared":true,"installed":true,"version":"3.13.2","resolution":"C:\\Users\\91968\\amazon-clone\\functions\\node_modules\\firebase-functions\\lib\\index.js"}} {"metadata":{"emulator":{"name":"functions"},"function":{"name":"api"},"message":"[runtime-status] [12400] firebase-functions has been stubbed. {\"functionsResolution\":{\"declared\":true,\"installed\":true,\"version\":\"3.13.2\",\"resolution\":\"C:\\\\Users\\\\91968\\\\amazon-clone\\\\functions\\\\node_modules\\\\firebase-functions\\\\lib\\\\index.js\"}}"}}
[debug] [2021-02-23T13:06:30.460Z] [runtime-status] [12400] Resolved module firebase-functions {"declared":true,"installed":true,"version":"3.13.2","resolution":"C:\\Users\\91968\\amazon-clone\\functions\\node_modules\\firebase-functions\\lib\\index.js"} {"metadata":{"emulator":{"name":"functions"},"function":{"name":"api"},"message":"[runtime-status] [12400] Resolved module firebase-functions {\"declared\":true,\"installed\":true,\"version\":\"3.13.2\",\"resolution\":\"C:\\\\Users\\\\91968\\\\amazon-clone\\\\functions\\\\node_modules\\\\firebase-functions\\\\lib\\\\index.js\"}"}}
[debug] [2021-02-23T13:06:30.461Z] [runtime-status] [12400] Resolved module firebase-admin {"declared":true,"installed":true,"version":"9.5.0","resolution":"C:\\Users\\91968\\amazon-clone\\functions\\node_modules\\firebase-admin\\lib\\index.js"} {"metadata":{"emulator":{"name":"functions"},"function":{"name":"api"},"message":"[runtime-status] [12400] Resolved module firebase-admin {\"declared\":true,\"installed\":true,\"version\":\"9.5.0\",\"resolution\":\"C:\\\\Users\\\\91968\\\\amazon-clone\\\\functions\\\\node_modules\\\\firebase-admin\\\\lib\\\\index.js\"}"}}
[debug] [2021-02-23T13:06:30.461Z] [runtime-status] [12400] Resolved module firebase-functions {"declared":true,"installed":true,"version":"3.13.2","resolution":"C:\\Users\\91968\\amazon-clone\\functions\\node_modules\\firebase-functions\\lib\\index.js"} {"metadata":{"emulator":{"name":"functions"},"function":{"name":"api"},"message":"[runtime-status] [12400] Resolved module firebase-functions {\"declared\":true,\"installed\":true,\"version\":\"3.13.2\",\"resolution\":\"C:\\\\Users\\\\91968\\\\amazon-clone\\\\functions\\\\node_modules\\\\firebase-functions\\\\lib\\\\index.js\"}"}}
[debug] [2021-02-23T13:06:30.461Z] [runtime-status] [12400] firebase-admin has been stubbed. {"adminResolution":{"declared":true,"installed":true,"version":"9.5.0","resolution":"C:\\Users\\91968\\amazon-clone\\functions\\node_modules\\firebase-admin\\lib\\index.js"}} {"metadata":{"emulator":{"name":"functions"},"function":{"name":"api"},"message":"[runtime-status] [12400] firebase-admin has been stubbed. {\"adminResolution\":{\"declared\":true,\"installed\":true,\"version\":\"9.5.0\",\"resolution\":\"C:\\\\Users\\\\91968\\\\amazon-clone\\\\functions\\\\node_modules\\\\firebase-admin\\\\lib\\\\index.js\"}}"}}
[warn] !  ReferenceError: paymentIntent is not defined
    at Object.<anonymous> (C:\Users\91968\amazon-clone\functions\index.js:18:18)
    at Module._compile (node:internal/modules/cjs/loader:1108:14)
    at Object.Module._extensions..js (node:internal/modules/cjs/loader:1137:10)
    at Module.load (node:internal/modules/cjs/loader:973:32)
    at Function.Module._load (node:internal/modules/cjs/loader:813:14)
    at Module.require (node:internal/modules/cjs/loader:997:19)
    at require (node:internal/modules/cjs/helpers:92:18)
    at initializeRuntime (C:\Users\91968\AppData\Roaming\npm\node_modules\firebase-tools\lib\emulator\functionsEmulatorRuntime.js:678:29)
    at processTicksAndRejections (node:internal/process/task_queues:94:5)
    at async handleMessage (C:\Users\91968\AppData\Roaming\npm\node_modules\firebase-tools\lib\emulator\functionsEmulatorRuntime.js:716:20) {"metadata":{"emulator":{"name":"functions"},"function":{"name":"api"},"message":"ReferenceError: paymentIntent is not defined\n    at Object.<anonymous> (C:\\Users\\91968\\amazon-clone\\functions\\index.js:18:18)\n    at Module._compile (node:internal/modules/cjs/loader:1108:14)\n    at Object.Module._extensions..js (node:internal/modules/cjs/loader:1137:10)\n    at Module.load (node:internal/modules/cjs/loader:973:32)\n    at Function.Module._load (node:internal/modules/cjs/loader:813:14)\n    at Module.require (node:internal/modules/cjs/loader:997:19)\n    at require (node:internal/modules/cjs/helpers:92:18)\n    at initializeRuntime (C:\\Users\\91968\\AppData\\Roaming\\npm\\node_modules\\firebase-tools\\lib\\emulator\\functionsEmulatorRuntime.js:678:29)\n    at processTicksAndRejections (node:internal/process/task_queues:94:5)\n    at async handleMessage (C:\\Users\\91968\\AppData\\Roaming\\npm\\node_modules\\firebase-tools\\lib\\emulator\\functionsEmulatorRuntime.js:716:20)"}}
[warn] !  We were unable to load your functions code. (see above) {"metadata":{"emulator":{"name":"functions"},"function":{"name":"api"}}}
[debug] [2021-02-23T13:06:30.618Z] [worker-api-9e279a74-634c-4956-9b2d-260815d61de2]: exited {"metadata":{"emulator":{"name":"functions"},"message":"[worker-api-9e279a74-634c-4956-9b2d-260815d61de2]: exited"}}
[debug] [2021-02-23T13:06:30.618Z] [worker-api-9e279a74-634c-4956-9b2d-260815d61de2]: FINISHED {"metadata":{"emulator":{"name":"functions"},"message":"[worker-api-9e279a74-634c-4956-9b2d-260815d61de2]: FINISHED"}}
[debug] [2021-02-23T13:30:19.790Z] Received signal SIGHUP 1
